-------------------------------------------------------------------------------
Test set: Parallel02IT
-------------------------------------------------------------------------------
Tests run: 1, Failures: 0, Errors: 1, Skipped: 0, Time elapsed: 0.144 sec <<< FAILURE! - in Parallel02IT
initializationError(Parallel02IT)  Time elapsed: 0 sec  <<< ERROR!
cucumber.runtime.CucumberException: Unknown option: --tag

