<?xml version="1.0" encoding="UTF-8" ?>
<testsuite tests="7" failures="0" name="support.RunTest" time="1.165" errors="0" skipped="0">
  <properties>
[...]
</properties>
  <testcase classname="Scenario: Validate user is able to register successfully" name="Given User open automationpractice website" time="0.004"/>
  <testcase classname="Scenario: Validate user is able to register successfully" name="When the user clicks on the SignIn link" time="0.004"/>
  <testcase classname="Scenario: Validate user is able to register successfully" name="Then user should be directed to &quot;AUTHENTICATION&quot; page" time="0"/>
  <testcase classname="Scenario: Validate user is able to register successfully" name="Then user should provide an Invalid email address" time="0"/>
  <testcase classname="Scenario: Validate user is able to register successfully" name="Then user clicks on the &quot;Create an account&quot; button" time="0"/>
  <testcase classname="Scenario: Validate user is able to register successfully" name="Then user should see the following error message" time="0"/>
  <testcase classname="Scenario: Validate user is able to register successfully" name="Scenario: Validate user is able to register successfully" time="1.157"/>
</testsuite>